[debug] [2024-12-06T11:35:41.758Z] ----------------------------------------------------------------------
[debug] [2024-12-06T11:35:41.763Z] Command:       /Users/pjpalomares/.nvm/versions/node/v20.18.0/bin/node /Users/pjpalomares/.nvm/versions/node/v20.18.0/bin/firebase deploy --only hosting --debug
[debug] [2024-12-06T11:35:41.764Z] CLI Version:   13.28.0
[debug] [2024-12-06T11:35:41.764Z] Platform:      darwin
[debug] [2024-12-06T11:35:41.765Z] Node Version:  v20.18.0
[debug] [2024-12-06T11:35:41.765Z] Time:          Fri Dec 06 2024 12:35:41 GMT+0100 (Central European Standard Time)
[debug] [2024-12-06T11:35:41.765Z] ----------------------------------------------------------------------
[debug] 
[debug] [2024-12-06T11:35:41.889Z] > command requires scopes: ["email","openid","https://www.googleapis.com/auth/cloudplatformprojects.readonly","https://www.googleapis.com/auth/firebase","https://www.googleapis.com/auth/cloud-platform"]
[debug] [2024-12-06T11:35:41.891Z] > authorizing via signed-in user (pedro.digitalcoach@gmail.com)
[debug] [2024-12-06T11:35:41.892Z] [iam] checking project pedropalomares-web-8bf6c for permissions ["firebase.projects.get","firebasehosting.sites.update"]
[debug] [2024-12-06T11:35:41.893Z] Checked if tokens are valid: true, expires at: 1733485858559
[debug] [2024-12-06T11:35:41.894Z] Checked if tokens are valid: true, expires at: 1733485858559
[debug] [2024-12-06T11:35:41.904Z] >>> [apiv2][query] POST https://cloudresourcemanager.googleapis.com/v1/projects/pedropalomares-web-8bf6c:testIamPermissions [none]
[debug] [2024-12-06T11:35:41.905Z] >>> [apiv2][(partial)header] POST https://cloudresourcemanager.googleapis.com/v1/projects/pedropalomares-web-8bf6c:testIamPermissions x-goog-quota-user=projects/pedropalomares-web-8bf6c
[debug] [2024-12-06T11:35:41.905Z] >>> [apiv2][body] POST https://cloudresourcemanager.googleapis.com/v1/projects/pedropalomares-web-8bf6c:testIamPermissions {"permissions":["firebase.projects.get","firebasehosting.sites.update"]}
[debug] [2024-12-06T11:35:42.828Z] <<< [apiv2][status] POST https://cloudresourcemanager.googleapis.com/v1/projects/pedropalomares-web-8bf6c:testIamPermissions 200
[debug] [2024-12-06T11:35:42.828Z] <<< [apiv2][body] POST https://cloudresourcemanager.googleapis.com/v1/projects/pedropalomares-web-8bf6c:testIamPermissions {"permissions":["firebase.projects.get","firebasehosting.sites.update"]}
[debug] [2024-12-06T11:35:42.829Z] Checked if tokens are valid: true, expires at: 1733485858559
[debug] [2024-12-06T11:35:42.830Z] Checked if tokens are valid: true, expires at: 1733485858559
[debug] [2024-12-06T11:35:42.830Z] >>> [apiv2][query] GET https://firebase.googleapis.com/v1beta1/projects/pedropalomares-web-8bf6c [none]
[debug] [2024-12-06T11:35:43.633Z] <<< [apiv2][status] GET https://firebase.googleapis.com/v1beta1/projects/pedropalomares-web-8bf6c 200
[debug] [2024-12-06T11:35:43.633Z] <<< [apiv2][body] GET https://firebase.googleapis.com/v1beta1/projects/pedropalomares-web-8bf6c {"projectId":"pedropalomares-web-8bf6c","projectNumber":"412064606196","displayName":"Pedropalomares-web","name":"projects/pedropalomares-web-8bf6c","resources":{"hostingSite":"pedropalomares-web-8bf6c"},"state":"ACTIVE","etag":"1_8eaf963c-9357-4762-9c82-8c8955b3f350"}
[info] 
[info] === Deploying to 'pedropalomares-web-8bf6c'...
[info] 
[info] i  deploying hosting 
[debug] [2024-12-06T11:35:43.643Z] Checked if tokens are valid: true, expires at: 1733485858559
[debug] [2024-12-06T11:35:43.643Z] Checked if tokens are valid: true, expires at: 1733485858559
[debug] [2024-12-06T11:35:43.643Z] >>> [apiv2][query] POST https://firebasehosting.googleapis.com/v1beta1/projects/-/sites/pedropalomares-web-8bf6c/versions [none]
[debug] [2024-12-06T11:35:43.644Z] >>> [apiv2][body] POST https://firebasehosting.googleapis.com/v1beta1/projects/-/sites/pedropalomares-web-8bf6c/versions {"status":"CREATED","labels":{"deployment-tool":"cli-firebase"}}
[debug] [2024-12-06T11:35:45.225Z] <<< [apiv2][status] POST https://firebasehosting.googleapis.com/v1beta1/projects/-/sites/pedropalomares-web-8bf6c/versions 200
[debug] [2024-12-06T11:35:45.225Z] <<< [apiv2][body] POST https://firebasehosting.googleapis.com/v1beta1/projects/-/sites/pedropalomares-web-8bf6c/versions {"name":"projects/412064606196/sites/pedropalomares-web-8bf6c/versions/6a1eebc80cb09f04","status":"CREATED","config":{},"labels":{"deployment-tool":"cli-firebase"}}
[info] i  hosting[pedropalomares-web-8bf6c]: beginning deploy... 
[info] i  hosting[pedropalomares-web-8bf6c]: found 9 files in dist 
[debug] [2024-12-06T11:35:45.254Z] [hosting] uploading with 200 concurrency
[debug] [2024-12-06T11:35:45.258Z] Checked if tokens are valid: true, expires at: 1733485858559
[debug] [2024-12-06T11:35:45.258Z] Checked if tokens are valid: true, expires at: 1733485858559
[debug] [2024-12-06T11:35:45.260Z] [hosting] hash cache [ZGlzdA] stored for 9 files
[debug] [2024-12-06T11:35:45.266Z] [hosting][hash queue][FINAL] {"max":2,"min":1,"avg":1,"active":0,"complete":9,"success":9,"errored":0,"retried":0,"total":9,"elapsed":10}
[debug] [2024-12-06T11:35:45.271Z] >>> [apiv2][query] POST https://firebasehosting.googleapis.com/v1beta1/projects/412064606196/sites/pedropalomares-web-8bf6c/versions/6a1eebc80cb09f04:populateFiles [none]
[debug] [2024-12-06T11:35:45.271Z] >>> [apiv2][body] POST https://firebasehosting.googleapis.com/v1beta1/projects/412064606196/sites/pedropalomares-web-8bf6c/versions/6a1eebc80cb09f04:populateFiles {"files":{"/sitemap.xml":"b1e10f9fb0f908b0f03dd3f9288f16ae488cbe4ef5eb71950b21001627e6c7e9","/robots.txt":"210a2d9447f914880d9a4122d93392cd7d8c0bbfc928533ea005a01cd614540a","/index.html":"654ef2fd4cc2b50960191ff79ed30a385c0b58af96c9384af55ff587881ced33","/assets/purify.es-a-CayzAK.js":"ca35acc8f5bcbd5dbd6b4092ec447be0ae625d173c431c67ffb9ac0e05b04e0c","/assets/index.es-C9egy-cC.js":"d50038f3444efe33cd2d1766c1f7dfadd8f2e1d8c4607fa2f4e776ea0bddf66d","/assets/index-DhKg_Mss.css":"67086d7e982fe8a1a85c4ac608ec5002663ddfa3d8125f2b4c5149a1f5ed2986","/assets/index-BMV9Hzdb.js":"ffff9adf2a8dc62886e07a85a32e46bba973251570ad38bd9ee19531cb36d83e","/assets/html2canvas.esm-CBrSDip1.js":"45cccd3537740565dfeff6c5791e8f548d813230bc75852908f9cd94dc95a0cd","/assets/images/logo.svg":"88787121ac48a7b64288fe167eb3549b7af396cf1c21babeb4c0af66e74dbf3c"}}
[debug] [2024-12-06T11:35:45.975Z] <<< [apiv2][status] POST https://firebasehosting.googleapis.com/v1beta1/projects/412064606196/sites/pedropalomares-web-8bf6c/versions/6a1eebc80cb09f04:populateFiles 200
[debug] [2024-12-06T11:35:45.975Z] <<< [apiv2][body] POST https://firebasehosting.googleapis.com/v1beta1/projects/412064606196/sites/pedropalomares-web-8bf6c/versions/6a1eebc80cb09f04:populateFiles {"uploadUrl":"https://upload-firebasehosting.googleapis.com/upload/sites/pedropalomares-web-8bf6c/versions/6a1eebc80cb09f04/files"}
[debug] [2024-12-06T11:35:45.976Z] [hosting][populate queue][FINAL] {"max":718,"min":718,"avg":718,"active":0,"complete":1,"success":1,"errored":0,"retried":0,"total":1,"elapsed":718}
[debug] [2024-12-06T11:35:45.976Z] [hosting] uploads queued: 0
[debug] [2024-12-06T11:35:45.976Z] [hosting][upload queue][FINAL] {"max":0,"min":9999999999,"avg":0,"active":0,"complete":0,"success":0,"errored":0,"retried":0,"total":0,"elapsed":1733484945976}
[info] i  hosting: upload complete 
[info] ✔  hosting[pedropalomares-web-8bf6c]: file upload complete 
[debug] [2024-12-06T11:35:45.977Z] [hosting] deploy completed after 748ms
[debug] [2024-12-06T11:35:45.977Z] [
  {
    "config": {
      "public": "dist",
      "ignore": [
        "firebase.json",
        "**/.*",
        "**/node_modules/**"
      ],
      "rewrites": [
        {
          "source": "**",
          "destination": "/index.html"
        }
      ],
      "site": "pedropalomares-web-8bf6c"
    },
    "version": "projects/412064606196/sites/pedropalomares-web-8bf6c/versions/6a1eebc80cb09f04"
  }
]
[info] i  hosting[pedropalomares-web-8bf6c]: finalizing version... 
[debug] [2024-12-06T11:35:45.979Z] Checked if tokens are valid: true, expires at: 1733485858559
[debug] [2024-12-06T11:35:45.980Z] Checked if tokens are valid: true, expires at: 1733485858559
[debug] [2024-12-06T11:35:45.981Z] >>> [apiv2][query] PATCH https://firebasehosting.googleapis.com/v1beta1/projects/-/sites/pedropalomares-web-8bf6c/versions/6a1eebc80cb09f04 updateMask=status%2Cconfig
[debug] [2024-12-06T11:35:45.981Z] >>> [apiv2][body] PATCH https://firebasehosting.googleapis.com/v1beta1/projects/-/sites/pedropalomares-web-8bf6c/versions/6a1eebc80cb09f04 {"status":"FINALIZED","config":{"rewrites":[{"glob":"**","path":"/index.html"}]}}
[debug] [2024-12-06T11:35:46.533Z] <<< [apiv2][status] PATCH https://firebasehosting.googleapis.com/v1beta1/projects/-/sites/pedropalomares-web-8bf6c/versions/6a1eebc80cb09f04 200
[debug] [2024-12-06T11:35:46.533Z] <<< [apiv2][body] PATCH https://firebasehosting.googleapis.com/v1beta1/projects/-/sites/pedropalomares-web-8bf6c/versions/6a1eebc80cb09f04 {"name":"projects/412064606196/sites/pedropalomares-web-8bf6c/versions/6a1eebc80cb09f04","status":"FINALIZED","config":{"rewrites":[{"glob":"**","path":"/index.html"}]},"labels":{"deployment-tool":"cli-firebase"},"createTime":"2024-12-06T11:35:44.574279Z","createUser":{"email":"pedro.digitalcoach@gmail.com"},"finalizeTime":"2024-12-06T11:35:46.455536Z","finalizeUser":{"email":"pedro.digitalcoach@gmail.com"}}
[debug] [2024-12-06T11:35:46.533Z] [hosting] finalized version for pedropalomares-web-8bf6c:[object Object]
[info] ✔  hosting[pedropalomares-web-8bf6c]: version finalized 
[info] i  hosting[pedropalomares-web-8bf6c]: releasing new version... 
[debug] [2024-12-06T11:35:46.534Z] Checked if tokens are valid: true, expires at: 1733485858559
[debug] [2024-12-06T11:35:46.535Z] Checked if tokens are valid: true, expires at: 1733485858559
[debug] [2024-12-06T11:35:46.535Z] >>> [apiv2][query] POST https://firebasehosting.googleapis.com/v1beta1/projects/-/sites/pedropalomares-web-8bf6c/channels/live/releases versionName=projects%2F412064606196%2Fsites%2Fpedropalomares-web-8bf6c%2Fversions%2F6a1eebc80cb09f04
[debug] [2024-12-06T11:35:46.535Z] >>> [apiv2][body] POST https://firebasehosting.googleapis.com/v1beta1/projects/-/sites/pedropalomares-web-8bf6c/channels/live/releases {}
[debug] [2024-12-06T11:35:47.303Z] <<< [apiv2][status] POST https://firebasehosting.googleapis.com/v1beta1/projects/-/sites/pedropalomares-web-8bf6c/channels/live/releases 200
[debug] [2024-12-06T11:35:47.304Z] <<< [apiv2][body] POST https://firebasehosting.googleapis.com/v1beta1/projects/-/sites/pedropalomares-web-8bf6c/channels/live/releases {"name":"projects/412064606196/sites/pedropalomares-web-8bf6c/channels/live/releases/1733484946425000","version":{"name":"projects/412064606196/sites/pedropalomares-web-8bf6c/versions/6a1eebc80cb09f04","status":"FINALIZED","config":{"rewrites":[{"glob":"**","path":"/index.html"}]},"labels":{"deployment-tool":"cli-firebase"},"createTime":"2024-12-06T11:35:44.574279Z","createUser":{"email":"pedro.digitalcoach@gmail.com","imageUrl":"https://lh3.googleusercontent.com/a/ACg8ocKT4fN7QxMvgrhQEA0zq62pEeUEA7sdcMm9568sTmQv67DJ2E8"},"finalizeTime":"2024-12-06T11:35:46.455536Z","finalizeUser":{"email":"pedro.digitalcoach@gmail.com","imageUrl":"https://lh3.googleusercontent.com/a/ACg8ocKT4fN7QxMvgrhQEA0zq62pEeUEA7sdcMm9568sTmQv67DJ2E8"}},"type":"DEPLOY","releaseTime":"2024-12-06T11:35:46.425Z","releaseUser":{"email":"pedro.digitalcoach@gmail.com","imageUrl":"https://lh3.googleusercontent.com/a/ACg8ocKT4fN7QxMvgrhQEA0zq62pEeUEA7sdcMm9568sTmQv67DJ2E8"}}
[debug] [2024-12-06T11:35:47.304Z] [hosting] release: {"name":"projects/412064606196/sites/pedropalomares-web-8bf6c/channels/live/releases/1733484946425000","version":{"name":"projects/412064606196/sites/pedropalomares-web-8bf6c/versions/6a1eebc80cb09f04","status":"FINALIZED","config":{"rewrites":[{"glob":"**","path":"/index.html"}]},"labels":{"deployment-tool":"cli-firebase"},"createTime":"2024-12-06T11:35:44.574279Z","createUser":{"email":"pedro.digitalcoach@gmail.com","imageUrl":"https://lh3.googleusercontent.com/a/ACg8ocKT4fN7QxMvgrhQEA0zq62pEeUEA7sdcMm9568sTmQv67DJ2E8"},"finalizeTime":"2024-12-06T11:35:46.455536Z","finalizeUser":{"email":"pedro.digitalcoach@gmail.com","imageUrl":"https://lh3.googleusercontent.com/a/ACg8ocKT4fN7QxMvgrhQEA0zq62pEeUEA7sdcMm9568sTmQv67DJ2E8"}},"type":"DEPLOY","releaseTime":"2024-12-06T11:35:46.425Z","releaseUser":{"email":"pedro.digitalcoach@gmail.com","imageUrl":"https://lh3.googleusercontent.com/a/ACg8ocKT4fN7QxMvgrhQEA0zq62pEeUEA7sdcMm9568sTmQv67DJ2E8"}}
[info] ✔  hosting[pedropalomares-web-8bf6c]: release complete 
[info] 
[info] ✔  Deploy complete! 
[info] 
[info] Project Console: https://console.firebase.google.com/project/pedropalomares-web-8bf6c/overview
[info] Hosting URL: https://pedropalomares-web-8bf6c.web.app
